<?xml version="1.0" encoding="UTF-8"?>
<!-- Generated by org.testng.reporters.JUnitReportReporter -->
<testsuite hostname="Jitender0101" failures="0" tests="2" name="britinsurance.DemoTests" time="20.074" errors="0" timestamp="2023-01-13T14:21:33 IST" skipped="0">
  <testcase classname="britinsurance.DemoTests" name="validateSearch" time="8.343"/>
  <system-out/>
  <testcase classname="britinsurance.DemoTests" name="validateContactAddress" time="11.731"/>
  <system-out/>
</testsuite> <!-- britinsurance.DemoTests -->
