<?xml version="1.0" encoding="UTF-8"?>
<!-- Generated by org.testng.reporters.JUnitReportReporter -->
<testsuite hostname="Jitender0101" name="britinsurance.DemoTests" tests="2" failures="0" timestamp="13 Jan 2023 09:01:27 GMT" time="22.023" errors="0">
  <testcase name="validateContactAddress" time="11.226" classname="britinsurance.DemoTests"/>
  <testcase name="validateSearch" time="10.797" classname="britinsurance.DemoTests"/>
</testsuite> <!-- britinsurance.DemoTests -->
